<?xml version="1.0" encoding="UTF-8"?>
<testsuite name="ru.netology.service.WallServiceKtTest" tests="5" skipped="0" failures="0" errors="0" timestamp="2021-04-19T20:33:17" hostname="LENOVO" time="0.768">
  <properties/>
  <testcase name="updateExisting" classname="ru.netology.service.WallServiceKtTest" time="0.707"/>
  <testcase name="shouldThrow" classname="ru.netology.service.WallServiceKtTest" time="0.007"/>
  <testcase name="isCommentAdded" classname="ru.netology.service.WallServiceKtTest" time="0.01"/>
  <testcase name="add_id_is_not_equal_zero" classname="ru.netology.service.WallServiceKtTest" time="0.006"/>
  <testcase name="updateNotExisting" classname="ru.netology.service.WallServiceKtTest" time="0.003"/>
  <system-out><![CDATA[]]></system-out>
  <system-err><![CDATA[]]></system-err>
</testsuite>
